<?xml version="1.0" encoding="UTF-8"?>
<testng-results ignored="0" total="14" passed="14" failed="0" skipped="0">
  <reporter-output>
  </reporter-output>
  <suite started-at="2023-11-12T17:56:51 IST" name="Default suite" finished-at="2023-11-12T17:57:18 IST" duration-ms="27399">
    <groups>
    </groups>
    <test started-at="2023-11-12T17:56:51 IST" name="Default test" finished-at="2023-11-12T17:57:18 IST" duration-ms="27399">
      <class name="framework_task.Letskodeit_task">
        <test-method is-config="true" signature="Setup()[pri:0, instance:framework_task.Letskodeit_task@5bda8e08]" started-at="2023-11-12T17:56:51 IST" name="Setup" finished-at="2023-11-12T17:57:00 IST" duration-ms="9094" status="PASS">
          <reporter-output>
          </reporter-output>
        </test-method> <!-- Setup -->
        <test-method signature="VerifyRadiobutton()[pri:1, instance:framework_task.Letskodeit_task@5bda8e08]" started-at="2023-11-12T17:57:00 IST" name="VerifyRadiobutton" finished-at="2023-11-12T17:57:00 IST" duration-ms="91" status="PASS">
          <reporter-output>
          </reporter-output>
        </test-method> <!-- VerifyRadiobutton -->
        <test-method signature="VerifyCheckbox()[pri:2, instance:framework_task.Letskodeit_task@5bda8e08]" started-at="2023-11-12T17:57:00 IST" name="VerifyCheckbox" finished-at="2023-11-12T17:57:00 IST" duration-ms="47" status="PASS">
          <reporter-output>
          </reporter-output>
        </test-method> <!-- VerifyCheckbox -->
        <test-method signature="VerifySwitchtowindow()[pri:3, instance:framework_task.Letskodeit_task@5bda8e08]" started-at="2023-11-12T17:57:00 IST" name="VerifySwitchtowindow" finished-at="2023-11-12T17:57:01 IST" duration-ms="1111" status="PASS">
          <reporter-output>
          </reporter-output>
        </test-method> <!-- VerifySwitchtowindow -->
        <test-method signature="VerifySwitchtab()[pri:4, instance:framework_task.Letskodeit_task@5bda8e08]" started-at="2023-11-12T17:57:01 IST" name="VerifySwitchtab" finished-at="2023-11-12T17:57:09 IST" duration-ms="7747" status="PASS">
          <reporter-output>
          </reporter-output>
        </test-method> <!-- VerifySwitchtab -->
        <test-method signature="VerifySelectclass()[pri:5, instance:framework_task.Letskodeit_task@5bda8e08]" started-at="2023-11-12T17:57:09 IST" name="VerifySelectclass" finished-at="2023-11-12T17:57:09 IST" duration-ms="95" status="PASS">
          <reporter-output>
          </reporter-output>
        </test-method> <!-- VerifySelectclass -->
        <test-method signature="VerifyMultipleselect()[pri:6, instance:framework_task.Letskodeit_task@5bda8e08]" started-at="2023-11-12T17:57:09 IST" name="VerifyMultipleselect" finished-at="2023-11-12T17:57:09 IST" duration-ms="84" status="PASS">
          <reporter-output>
          </reporter-output>
        </test-method> <!-- VerifyMultipleselect -->
        <test-method signature="VerifyAutosuggestion()[pri:7, instance:framework_task.Letskodeit_task@5bda8e08]" started-at="2023-11-12T17:57:09 IST" name="VerifyAutosuggestion" finished-at="2023-11-12T17:57:09 IST" duration-ms="446" status="PASS">
          <reporter-output>
          </reporter-output>
        </test-method> <!-- VerifyAutosuggestion -->
        <test-method signature="VerifyEnablebox()[pri:8, instance:framework_task.Letskodeit_task@5bda8e08]" started-at="2023-11-12T17:57:09 IST" name="VerifyEnablebox" finished-at="2023-11-12T17:57:09 IST" duration-ms="55" status="PASS">
          <reporter-output>
          </reporter-output>
        </test-method> <!-- VerifyEnablebox -->
        <test-method signature="VerifyMouseover()[pri:10, instance:framework_task.Letskodeit_task@5bda8e08]" started-at="2023-11-12T17:57:09 IST" name="VerifyMouseover" finished-at="2023-11-12T17:57:14 IST" duration-ms="4043" status="PASS">
          <reporter-output>
          </reporter-output>
        </test-method> <!-- VerifyMouseover -->
        <test-method signature="VerifyTable()[pri:11, instance:framework_task.Letskodeit_task@5bda8e08]" started-at="2023-11-12T17:57:14 IST" name="VerifyTable" finished-at="2023-11-12T17:57:14 IST" duration-ms="120" status="PASS">
          <reporter-output>
          </reporter-output>
        </test-method> <!-- VerifyTable -->
        <test-method signature="VerifyScreenshot()[pri:12, instance:framework_task.Letskodeit_task@5bda8e08]" started-at="2023-11-12T17:57:14 IST" name="VerifyScreenshot" finished-at="2023-11-12T17:57:14 IST" duration-ms="140" status="PASS">
          <reporter-output>
          </reporter-output>
        </test-method> <!-- VerifyScreenshot -->
        <test-method signature="VerifyScrolldownup()[pri:13, instance:framework_task.Letskodeit_task@5bda8e08]" started-at="2023-11-12T17:57:14 IST" name="VerifyScrolldownup" finished-at="2023-11-12T17:57:16 IST" duration-ms="2017" status="PASS">
          <reporter-output>
          </reporter-output>
        </test-method> <!-- VerifyScrolldownup -->
        <test-method signature="VerifyFindtotalframes()[pri:14, instance:framework_task.Letskodeit_task@5bda8e08]" started-at="2023-11-12T17:57:16 IST" name="VerifyFindtotalframes" finished-at="2023-11-12T17:57:16 IST" duration-ms="39" status="PASS">
          <reporter-output>
          </reporter-output>
        </test-method> <!-- VerifyFindtotalframes -->
        <test-method signature="VerifyAlertpopup()[pri:15, instance:framework_task.Letskodeit_task@5bda8e08]" started-at="2023-11-12T17:57:16 IST" name="VerifyAlertpopup" finished-at="2023-11-12T17:57:18 IST" duration-ms="2210" status="PASS">
          <reporter-output>
          </reporter-output>
        </test-method> <!-- VerifyAlertpopup -->
        <test-method is-config="true" signature="Tear()[pri:0, instance:framework_task.Letskodeit_task@5bda8e08]" started-at="2023-11-12T17:57:18 IST" name="Tear" finished-at="2023-11-12T17:57:18 IST" duration-ms="2" status="PASS">
          <reporter-output>
          </reporter-output>
        </test-method> <!-- Tear -->
      </class> <!-- framework_task.Letskodeit_task -->
    </test> <!-- Default test -->
  </suite> <!-- Default suite -->
</testng-results>
